<?xml version="1.0" encoding="UTF-8"?>
<testsuite xmlns:xsi="http://www.w3.org/2001/XMLSchema-instance" xsi:noNamespaceSchemaLocation="https://maven.apache.org/surefire/maven-surefire-plugin/xsd/surefire-test-report.xsd" name="com.example.MavenDemoSpringInitializr.MavenDemoSpringInitializrApplicationTests" time="1.287" tests="1" errors="0" skipped="0" failures="0">
  <properties>
    <property name="gopherProxySet" value="false"/>
    <property name="awt.toolkit" value="sun.lwawt.macosx.LWCToolkit"/>
    <property name="java.specification.version" value="11"/>
    <property name="sun.cpu.isalist" value=""/>
    <property name="sun.jnu.encoding" value="UTF-8"/>
    <property name="java.class.path" value="/Users/fenilshah/Downloads/MavenDemoSpringInitializr/target/test-classes:/Users/fenilshah/Downloads/MavenDemoSpringInitializr/target/classes:/Users/fenilshah/.m2/repository/com/mysql/mysql-connector-j/8.0.32/mysql-connector-j-8.0.32.jar:/Users/fenilshah/.m2/repository/org/springframework/boot/spring-boot-starter-web/2.7.10/spring-boot-starter-web-2.7.10.jar:/Users/fenilshah/.m2/repository/org/springframework/boot/spring-boot-starter/2.7.10/spring-boot-starter-2.7.10.jar:/Users/fenilshah/.m2/repository/org/springframework/boot/spring-boot/2.7.10/spring-boot-2.7.10.jar:/Users/fenilshah/.m2/repository/org/springframework/boot/spring-boot-autoconfigure/2.7.10/spring-boot-autoconfigure-2.7.10.jar:/Users/fenilshah/.m2/repository/org/springframework/boot/spring-boot-starter-logging/2.7.10/spring-boot-starter-logging-2.7.10.jar:/Users/fenilshah/.m2/repository/ch/qos/logback/logback-classic/1.2.11/logback-classic-1.2.11.jar:/Users/fenilshah/.m2/repository/ch/qos/logback/logback-core/1.2.11/logback-core-1.2.11.jar:/Users/fenilshah/.m2/repository/org/apache/logging/log4j/log4j-to-slf4j/2.17.2/log4j-to-slf4j-2.17.2.jar:/Users/fenilshah/.m2/repository/org/apache/logging/log4j/log4j-api/2.17.2/log4j-api-2.17.2.jar:/Users/fenilshah/.m2/repository/org/slf4j/jul-to-slf4j/1.7.36/jul-to-slf4j-1.7.36.jar:/Users/fenilshah/.m2/repository/jakarta/annotation/jakarta.annotation-api/1.3.5/jakarta.annotation-api-1.3.5.jar:/Users/fenilshah/.m2/repository/org/yaml/snakeyaml/1.30/snakeyaml-1.30.jar:/Users/fenilshah/.m2/repository/org/springframework/boot/spring-boot-starter-json/2.7.10/spring-boot-starter-json-2.7.10.jar:/Users/fenilshah/.m2/repository/com/fasterxml/jackson/core/jackson-databind/2.13.5/jackson-databind-2.13.5.jar:/Users/fenilshah/.m2/repository/com/fasterxml/jackson/core/jackson-annotations/2.13.5/jackson-annotations-2.13.5.jar:/Users/fenilshah/.m2/repository/com/fasterxml/jackson/core/jackson-core/2.13.5/jackson-core-2.13.5.jar:/Users/fenilshah/.m2/repository/com/fasterxml/jackson/datatype/jackson-datatype-jdk8/2.13.5/jackson-datatype-jdk8-2.13.5.jar:/Users/fenilshah/.m2/repository/com/fasterxml/jackson/datatype/jackson-datatype-jsr310/2.13.5/jackson-datatype-jsr310-2.13.5.jar:/Users/fenilshah/.m2/repository/com/fasterxml/jackson/module/jackson-module-parameter-names/2.13.5/jackson-module-parameter-names-2.13.5.jar:/Users/fenilshah/.m2/repository/org/springframework/spring-web/5.3.26/spring-web-5.3.26.jar:/Users/fenilshah/.m2/repository/org/springframework/spring-beans/5.3.26/spring-beans-5.3.26.jar:/Users/fenilshah/.m2/repository/org/springframework/spring-webmvc/5.3.26/spring-webmvc-5.3.26.jar:/Users/fenilshah/.m2/repository/org/springframework/spring-aop/5.3.26/spring-aop-5.3.26.jar:/Users/fenilshah/.m2/repository/org/springframework/spring-context/5.3.26/spring-context-5.3.26.jar:/Users/fenilshah/.m2/repository/org/springframework/spring-expression/5.3.26/spring-expression-5.3.26.jar:/Users/fenilshah/.m2/repository/org/springframework/boot/spring-boot-starter-jetty/2.7.10/spring-boot-starter-jetty-2.7.10.jar:/Users/fenilshah/.m2/repository/jakarta/servlet/jakarta.servlet-api/4.0.4/jakarta.servlet-api-4.0.4.jar:/Users/fenilshah/.m2/repository/jakarta/websocket/jakarta.websocket-api/1.1.2/jakarta.websocket-api-1.1.2.jar:/Users/fenilshah/.m2/repository/org/apache/tomcat/embed/tomcat-embed-el/9.0.73/tomcat-embed-el-9.0.73.jar:/Users/fenilshah/.m2/repository/org/eclipse/jetty/jetty-servlets/9.4.51.v20230217/jetty-servlets-9.4.51.v20230217.jar:/Users/fenilshah/.m2/repository/org/eclipse/jetty/jetty-continuation/9.4.51.v20230217/jetty-continuation-9.4.51.v20230217.jar:/Users/fenilshah/.m2/repository/org/eclipse/jetty/jetty-http/9.4.51.v20230217/jetty-http-9.4.51.v20230217.jar:/Users/fenilshah/.m2/repository/org/eclipse/jetty/jetty-util/9.4.51.v20230217/jetty-util-9.4.51.v20230217.jar:/Users/fenilshah/.m2/repository/org/eclipse/jetty/jetty-io/9.4.51.v20230217/jetty-io-9.4.51.v20230217.jar:/Users/fenilshah/.m2/repository/org/eclipse/jetty/jetty-webapp/9.4.51.v20230217/jetty-webapp-9.4.51.v20230217.jar:/Users/fenilshah/.m2/repository/org/eclipse/jetty/jetty-xml/9.4.51.v20230217/jetty-xml-9.4.51.v20230217.jar:/Users/fenilshah/.m2/repository/org/eclipse/jetty/jetty-servlet/9.4.51.v20230217/jetty-servlet-9.4.51.v20230217.jar:/Users/fenilshah/.m2/repository/org/eclipse/jetty/jetty-security/9.4.51.v20230217/jetty-security-9.4.51.v20230217.jar:/Users/fenilshah/.m2/repository/org/eclipse/jetty/jetty-server/9.4.51.v20230217/jetty-server-9.4.51.v20230217.jar:/Users/fenilshah/.m2/repository/org/eclipse/jetty/jetty-util-ajax/9.4.51.v20230217/jetty-util-ajax-9.4.51.v20230217.jar:/Users/fenilshah/.m2/repository/org/eclipse/jetty/websocket/websocket-server/9.4.51.v20230217/websocket-server-9.4.51.v20230217.jar:/Users/fenilshah/.m2/repository/org/eclipse/jetty/websocket/websocket-common/9.4.51.v20230217/websocket-common-9.4.51.v20230217.jar:/Users/fenilshah/.m2/repository/org/eclipse/jetty/websocket/websocket-api/9.4.51.v20230217/websocket-api-9.4.51.v20230217.jar:/Users/fenilshah/.m2/repository/org/eclipse/jetty/websocket/websocket-client/9.4.51.v20230217/websocket-client-9.4.51.v20230217.jar:/Users/fenilshah/.m2/repository/org/eclipse/jetty/jetty-client/9.4.51.v20230217/jetty-client-9.4.51.v20230217.jar:/Users/fenilshah/.m2/repository/org/eclipse/jetty/websocket/websocket-servlet/9.4.51.v20230217/websocket-servlet-9.4.51.v20230217.jar:/Users/fenilshah/.m2/repository/org/eclipse/jetty/websocket/javax-websocket-server-impl/9.4.51.v20230217/javax-websocket-server-impl-9.4.51.v20230217.jar:/Users/fenilshah/.m2/repository/org/eclipse/jetty/jetty-annotations/9.4.51.v20230217/jetty-annotations-9.4.51.v20230217.jar:/Users/fenilshah/.m2/repository/org/eclipse/jetty/jetty-plus/9.4.51.v20230217/jetty-plus-9.4.51.v20230217.jar:/Users/fenilshah/.m2/repository/org/ow2/asm/asm/9.4/asm-9.4.jar:/Users/fenilshah/.m2/repository/org/ow2/asm/asm-commons/9.4/asm-commons-9.4.jar:/Users/fenilshah/.m2/repository/org/ow2/asm/asm-tree/9.4/asm-tree-9.4.jar:/Users/fenilshah/.m2/repository/org/eclipse/jetty/websocket/javax-websocket-client-impl/9.4.51.v20230217/javax-websocket-client-impl-9.4.51.v20230217.jar:/Users/fenilshah/.m2/repository/org/springframework/boot/spring-boot-starter-test/2.7.10/spring-boot-starter-test-2.7.10.jar:/Users/fenilshah/.m2/repository/org/springframework/boot/spring-boot-test/2.7.10/spring-boot-test-2.7.10.jar:/Users/fenilshah/.m2/repository/org/springframework/boot/spring-boot-test-autoconfigure/2.7.10/spring-boot-test-autoconfigure-2.7.10.jar:/Users/fenilshah/.m2/repository/com/jayway/jsonpath/json-path/2.7.0/json-path-2.7.0.jar:/Users/fenilshah/.m2/repository/net/minidev/json-smart/2.4.10/json-smart-2.4.10.jar:/Users/fenilshah/.m2/repository/net/minidev/accessors-smart/2.4.9/accessors-smart-2.4.9.jar:/Users/fenilshah/.m2/repository/org/slf4j/slf4j-api/1.7.36/slf4j-api-1.7.36.jar:/Users/fenilshah/.m2/repository/jakarta/xml/bind/jakarta.xml.bind-api/2.3.3/jakarta.xml.bind-api-2.3.3.jar:/Users/fenilshah/.m2/repository/jakarta/activation/jakarta.activation-api/1.2.2/jakarta.activation-api-1.2.2.jar:/Users/fenilshah/.m2/repository/org/assertj/assertj-core/3.22.0/assertj-core-3.22.0.jar:/Users/fenilshah/.m2/repository/org/hamcrest/hamcrest/2.2/hamcrest-2.2.jar:/Users/fenilshah/.m2/repository/org/junit/jupiter/junit-jupiter/5.8.2/junit-jupiter-5.8.2.jar:/Users/fenilshah/.m2/repository/org/junit/jupiter/junit-jupiter-api/5.8.2/junit-jupiter-api-5.8.2.jar:/Users/fenilshah/.m2/repository/org/opentest4j/opentest4j/1.2.0/opentest4j-1.2.0.jar:/Users/fenilshah/.m2/repository/org/junit/platform/junit-platform-commons/1.8.2/junit-platform-commons-1.8.2.jar:/Users/fenilshah/.m2/repository/org/apiguardian/apiguardian-api/1.1.2/apiguardian-api-1.1.2.jar:/Users/fenilshah/.m2/repository/org/junit/jupiter/junit-jupiter-params/5.8.2/junit-jupiter-params-5.8.2.jar:/Users/fenilshah/.m2/repository/org/junit/jupiter/junit-jupiter-engine/5.8.2/junit-jupiter-engine-5.8.2.jar:/Users/fenilshah/.m2/repository/org/junit/platform/junit-platform-engine/1.8.2/junit-platform-engine-1.8.2.jar:/Users/fenilshah/.m2/repository/org/mockito/mockito-core/4.5.1/mockito-core-4.5.1.jar:/Users/fenilshah/.m2/repository/net/bytebuddy/byte-buddy/1.12.23/byte-buddy-1.12.23.jar:/Users/fenilshah/.m2/repository/net/bytebuddy/byte-buddy-agent/1.12.23/byte-buddy-agent-1.12.23.jar:/Users/fenilshah/.m2/repository/org/objenesis/objenesis/3.2/objenesis-3.2.jar:/Users/fenilshah/.m2/repository/org/mockito/mockito-junit-jupiter/4.5.1/mockito-junit-jupiter-4.5.1.jar:/Users/fenilshah/.m2/repository/org/skyscreamer/jsonassert/1.5.1/jsonassert-1.5.1.jar:/Users/fenilshah/.m2/repository/com/vaadin/external/google/android-json/0.0.20131108.vaadin1/android-json-0.0.20131108.vaadin1.jar:/Users/fenilshah/.m2/repository/org/springframework/spring-core/5.3.26/spring-core-5.3.26.jar:/Users/fenilshah/.m2/repository/org/springframework/spring-jcl/5.3.26/spring-jcl-5.3.26.jar:/Users/fenilshah/.m2/repository/org/springframework/spring-test/5.3.26/spring-test-5.3.26.jar:/Users/fenilshah/.m2/repository/org/xmlunit/xmlunit-core/2.9.1/xmlunit-core-2.9.1.jar:"/>
    <property name="java.vm.vendor" value="Oracle Corporation"/>
    <property name="sun.arch.data.model" value="64"/>
    <property name="java.vendor.url" value="https://openjdk.java.net/"/>
    <property name="user.timezone" value=""/>
    <property name="java.vm.specification.version" value="11"/>
    <property name="os.name" value="Mac OS X"/>
    <property name="sun.java.launcher" value="SUN_STANDARD"/>
    <property name="user.country" value="IN"/>
    <property name="sun.boot.library.path" value="/Library/Java/JavaVirtualMachines/jdk-11.0.16.1.jdk/Contents/Home/lib"/>
    <property name="sun.java.command" value="/Users/fenilshah/Downloads/MavenDemoSpringInitializr/target/surefire/surefirebooter11176150511625547728.jar /Users/fenilshah/Downloads/MavenDemoSpringInitializr/target/surefire 2023-04-06T07-18-41_514-jvmRun1 surefire7976111251925584867tmp surefire_017938782123290062808tmp"/>
    <property name="http.nonProxyHosts" value="local|*.local|169.254/16|*.169.254/16"/>
    <property name="jdk.debug" value="release"/>
    <property name="surefire.test.class.path" value="/Users/fenilshah/Downloads/MavenDemoSpringInitializr/target/test-classes:/Users/fenilshah/Downloads/MavenDemoSpringInitializr/target/classes:/Users/fenilshah/.m2/repository/com/mysql/mysql-connector-j/8.0.32/mysql-connector-j-8.0.32.jar:/Users/fenilshah/.m2/repository/org/springframework/boot/spring-boot-starter-web/2.7.10/spring-boot-starter-web-2.7.10.jar:/Users/fenilshah/.m2/repository/org/springframework/boot/spring-boot-starter/2.7.10/spring-boot-starter-2.7.10.jar:/Users/fenilshah/.m2/repository/org/springframework/boot/spring-boot/2.7.10/spring-boot-2.7.10.jar:/Users/fenilshah/.m2/repository/org/springframework/boot/spring-boot-autoconfigure/2.7.10/spring-boot-autoconfigure-2.7.10.jar:/Users/fenilshah/.m2/repository/org/springframework/boot/spring-boot-starter-logging/2.7.10/spring-boot-starter-logging-2.7.10.jar:/Users/fenilshah/.m2/repository/ch/qos/logback/logback-classic/1.2.11/logback-classic-1.2.11.jar:/Users/fenilshah/.m2/repository/ch/qos/logback/logback-core/1.2.11/logback-core-1.2.11.jar:/Users/fenilshah/.m2/repository/org/apache/logging/log4j/log4j-to-slf4j/2.17.2/log4j-to-slf4j-2.17.2.jar:/Users/fenilshah/.m2/repository/org/apache/logging/log4j/log4j-api/2.17.2/log4j-api-2.17.2.jar:/Users/fenilshah/.m2/repository/org/slf4j/jul-to-slf4j/1.7.36/jul-to-slf4j-1.7.36.jar:/Users/fenilshah/.m2/repository/jakarta/annotation/jakarta.annotation-api/1.3.5/jakarta.annotation-api-1.3.5.jar:/Users/fenilshah/.m2/repository/org/yaml/snakeyaml/1.30/snakeyaml-1.30.jar:/Users/fenilshah/.m2/repository/org/springframework/boot/spring-boot-starter-json/2.7.10/spring-boot-starter-json-2.7.10.jar:/Users/fenilshah/.m2/repository/com/fasterxml/jackson/core/jackson-databind/2.13.5/jackson-databind-2.13.5.jar:/Users/fenilshah/.m2/repository/com/fasterxml/jackson/core/jackson-annotations/2.13.5/jackson-annotations-2.13.5.jar:/Users/fenilshah/.m2/repository/com/fasterxml/jackson/core/jackson-core/2.13.5/jackson-core-2.13.5.jar:/Users/fenilshah/.m2/repository/com/fasterxml/jackson/datatype/jackson-datatype-jdk8/2.13.5/jackson-datatype-jdk8-2.13.5.jar:/Users/fenilshah/.m2/repository/com/fasterxml/jackson/datatype/jackson-datatype-jsr310/2.13.5/jackson-datatype-jsr310-2.13.5.jar:/Users/fenilshah/.m2/repository/com/fasterxml/jackson/module/jackson-module-parameter-names/2.13.5/jackson-module-parameter-names-2.13.5.jar:/Users/fenilshah/.m2/repository/org/springframework/spring-web/5.3.26/spring-web-5.3.26.jar:/Users/fenilshah/.m2/repository/org/springframework/spring-beans/5.3.26/spring-beans-5.3.26.jar:/Users/fenilshah/.m2/repository/org/springframework/spring-webmvc/5.3.26/spring-webmvc-5.3.26.jar:/Users/fenilshah/.m2/repository/org/springframework/spring-aop/5.3.26/spring-aop-5.3.26.jar:/Users/fenilshah/.m2/repository/org/springframework/spring-context/5.3.26/spring-context-5.3.26.jar:/Users/fenilshah/.m2/repository/org/springframework/spring-expression/5.3.26/spring-expression-5.3.26.jar:/Users/fenilshah/.m2/repository/org/springframework/boot/spring-boot-starter-jetty/2.7.10/spring-boot-starter-jetty-2.7.10.jar:/Users/fenilshah/.m2/repository/jakarta/servlet/jakarta.servlet-api/4.0.4/jakarta.servlet-api-4.0.4.jar:/Users/fenilshah/.m2/repository/jakarta/websocket/jakarta.websocket-api/1.1.2/jakarta.websocket-api-1.1.2.jar:/Users/fenilshah/.m2/repository/org/apache/tomcat/embed/tomcat-embed-el/9.0.73/tomcat-embed-el-9.0.73.jar:/Users/fenilshah/.m2/repository/org/eclipse/jetty/jetty-servlets/9.4.51.v20230217/jetty-servlets-9.4.51.v20230217.jar:/Users/fenilshah/.m2/repository/org/eclipse/jetty/jetty-continuation/9.4.51.v20230217/jetty-continuation-9.4.51.v20230217.jar:/Users/fenilshah/.m2/repository/org/eclipse/jetty/jetty-http/9.4.51.v20230217/jetty-http-9.4.51.v20230217.jar:/Users/fenilshah/.m2/repository/org/eclipse/jetty/jetty-util/9.4.51.v20230217/jetty-util-9.4.51.v20230217.jar:/Users/fenilshah/.m2/repository/org/eclipse/jetty/jetty-io/9.4.51.v20230217/jetty-io-9.4.51.v20230217.jar:/Users/fenilshah/.m2/repository/org/eclipse/jetty/jetty-webapp/9.4.51.v20230217/jetty-webapp-9.4.51.v20230217.jar:/Users/fenilshah/.m2/repository/org/eclipse/jetty/jetty-xml/9.4.51.v20230217/jetty-xml-9.4.51.v20230217.jar:/Users/fenilshah/.m2/repository/org/eclipse/jetty/jetty-servlet/9.4.51.v20230217/jetty-servlet-9.4.51.v20230217.jar:/Users/fenilshah/.m2/repository/org/eclipse/jetty/jetty-security/9.4.51.v20230217/jetty-security-9.4.51.v20230217.jar:/Users/fenilshah/.m2/repository/org/eclipse/jetty/jetty-server/9.4.51.v20230217/jetty-server-9.4.51.v20230217.jar:/Users/fenilshah/.m2/repository/org/eclipse/jetty/jetty-util-ajax/9.4.51.v20230217/jetty-util-ajax-9.4.51.v20230217.jar:/Users/fenilshah/.m2/repository/org/eclipse/jetty/websocket/websocket-server/9.4.51.v20230217/websocket-server-9.4.51.v20230217.jar:/Users/fenilshah/.m2/repository/org/eclipse/jetty/websocket/websocket-common/9.4.51.v20230217/websocket-common-9.4.51.v20230217.jar:/Users/fenilshah/.m2/repository/org/eclipse/jetty/websocket/websocket-api/9.4.51.v20230217/websocket-api-9.4.51.v20230217.jar:/Users/fenilshah/.m2/repository/org/eclipse/jetty/websocket/websocket-client/9.4.51.v20230217/websocket-client-9.4.51.v20230217.jar:/Users/fenilshah/.m2/repository/org/eclipse/jetty/jetty-client/9.4.51.v20230217/jetty-client-9.4.51.v20230217.jar:/Users/fenilshah/.m2/repository/org/eclipse/jetty/websocket/websocket-servlet/9.4.51.v20230217/websocket-servlet-9.4.51.v20230217.jar:/Users/fenilshah/.m2/repository/org/eclipse/jetty/websocket/javax-websocket-server-impl/9.4.51.v20230217/javax-websocket-server-impl-9.4.51.v20230217.jar:/Users/fenilshah/.m2/repository/org/eclipse/jetty/jetty-annotations/9.4.51.v20230217/jetty-annotations-9.4.51.v20230217.jar:/Users/fenilshah/.m2/repository/org/eclipse/jetty/jetty-plus/9.4.51.v20230217/jetty-plus-9.4.51.v20230217.jar:/Users/fenilshah/.m2/repository/org/ow2/asm/asm/9.4/asm-9.4.jar:/Users/fenilshah/.m2/repository/org/ow2/asm/asm-commons/9.4/asm-commons-9.4.jar:/Users/fenilshah/.m2/repository/org/ow2/asm/asm-tree/9.4/asm-tree-9.4.jar:/Users/fenilshah/.m2/repository/org/eclipse/jetty/websocket/javax-websocket-client-impl/9.4.51.v20230217/javax-websocket-client-impl-9.4.51.v20230217.jar:/Users/fenilshah/.m2/repository/org/springframework/boot/spring-boot-starter-test/2.7.10/spring-boot-starter-test-2.7.10.jar:/Users/fenilshah/.m2/repository/org/springframework/boot/spring-boot-test/2.7.10/spring-boot-test-2.7.10.jar:/Users/fenilshah/.m2/repository/org/springframework/boot/spring-boot-test-autoconfigure/2.7.10/spring-boot-test-autoconfigure-2.7.10.jar:/Users/fenilshah/.m2/repository/com/jayway/jsonpath/json-path/2.7.0/json-path-2.7.0.jar:/Users/fenilshah/.m2/repository/net/minidev/json-smart/2.4.10/json-smart-2.4.10.jar:/Users/fenilshah/.m2/repository/net/minidev/accessors-smart/2.4.9/accessors-smart-2.4.9.jar:/Users/fenilshah/.m2/repository/org/slf4j/slf4j-api/1.7.36/slf4j-api-1.7.36.jar:/Users/fenilshah/.m2/repository/jakarta/xml/bind/jakarta.xml.bind-api/2.3.3/jakarta.xml.bind-api-2.3.3.jar:/Users/fenilshah/.m2/repository/jakarta/activation/jakarta.activation-api/1.2.2/jakarta.activation-api-1.2.2.jar:/Users/fenilshah/.m2/repository/org/assertj/assertj-core/3.22.0/assertj-core-3.22.0.jar:/Users/fenilshah/.m2/repository/org/hamcrest/hamcrest/2.2/hamcrest-2.2.jar:/Users/fenilshah/.m2/repository/org/junit/jupiter/junit-jupiter/5.8.2/junit-jupiter-5.8.2.jar:/Users/fenilshah/.m2/repository/org/junit/jupiter/junit-jupiter-api/5.8.2/junit-jupiter-api-5.8.2.jar:/Users/fenilshah/.m2/repository/org/opentest4j/opentest4j/1.2.0/opentest4j-1.2.0.jar:/Users/fenilshah/.m2/repository/org/junit/platform/junit-platform-commons/1.8.2/junit-platform-commons-1.8.2.jar:/Users/fenilshah/.m2/repository/org/apiguardian/apiguardian-api/1.1.2/apiguardian-api-1.1.2.jar:/Users/fenilshah/.m2/repository/org/junit/jupiter/junit-jupiter-params/5.8.2/junit-jupiter-params-5.8.2.jar:/Users/fenilshah/.m2/repository/org/junit/jupiter/junit-jupiter-engine/5.8.2/junit-jupiter-engine-5.8.2.jar:/Users/fenilshah/.m2/repository/org/junit/platform/junit-platform-engine/1.8.2/junit-platform-engine-1.8.2.jar:/Users/fenilshah/.m2/repository/org/mockito/mockito-core/4.5.1/mockito-core-4.5.1.jar:/Users/fenilshah/.m2/repository/net/bytebuddy/byte-buddy/1.12.23/byte-buddy-1.12.23.jar:/Users/fenilshah/.m2/repository/net/bytebuddy/byte-buddy-agent/1.12.23/byte-buddy-agent-1.12.23.jar:/Users/fenilshah/.m2/repository/org/objenesis/objenesis/3.2/objenesis-3.2.jar:/Users/fenilshah/.m2/repository/org/mockito/mockito-junit-jupiter/4.5.1/mockito-junit-jupiter-4.5.1.jar:/Users/fenilshah/.m2/repository/org/skyscreamer/jsonassert/1.5.1/jsonassert-1.5.1.jar:/Users/fenilshah/.m2/repository/com/vaadin/external/google/android-json/0.0.20131108.vaadin1/android-json-0.0.20131108.vaadin1.jar:/Users/fenilshah/.m2/repository/org/springframework/spring-core/5.3.26/spring-core-5.3.26.jar:/Users/fenilshah/.m2/repository/org/springframework/spring-jcl/5.3.26/spring-jcl-5.3.26.jar:/Users/fenilshah/.m2/repository/org/springframework/spring-test/5.3.26/spring-test-5.3.26.jar:/Users/fenilshah/.m2/repository/org/xmlunit/xmlunit-core/2.9.1/xmlunit-core-2.9.1.jar:"/>
    <property name="sun.cpu.endian" value="little"/>
    <property name="user.home" value="/Users/fenilshah"/>
    <property name="user.language" value="en"/>
    <property name="java.specification.vendor" value="Oracle Corporation"/>
    <property name="java.version.date" value="2022-08-18"/>
    <property name="java.home" value="/Library/Java/JavaVirtualMachines/jdk-11.0.16.1.jdk/Contents/Home"/>
    <property name="file.separator" value="/"/>
    <property name="basedir" value="/Users/fenilshah/Downloads/MavenDemoSpringInitializr"/>
    <property name="java.vm.compressedOopsMode" value="Zero based"/>
    <property name="line.separator" value="&#10;"/>
    <property name="java.specification.name" value="Java Platform API Specification"/>
    <property name="java.vm.specification.vendor" value="Oracle Corporation"/>
    <property name="java.awt.graphicsenv" value="sun.awt.CGraphicsEnvironment"/>
    <property name="surefire.real.class.path" value="/Users/fenilshah/Downloads/MavenDemoSpringInitializr/target/surefire/surefirebooter11176150511625547728.jar"/>
    <property name="sun.management.compiler" value="HotSpot 64-Bit Tiered Compilers"/>
    <property name="ftp.nonProxyHosts" value="local|*.local|169.254/16|*.169.254/16"/>
    <property name="java.runtime.version" value="11.0.16.1+1-LTS-1"/>
    <property name="user.name" value="fenilshah"/>
    <property name="path.separator" value=":"/>
    <property name="os.version" value="12.5"/>
    <property name="java.runtime.name" value="Java(TM) SE Runtime Environment"/>
    <property name="file.encoding" value="UTF-8"/>
    <property name="java.vm.name" value="Java HotSpot(TM) 64-Bit Server VM"/>
    <property name="java.vendor.version" value="18.9"/>
    <property name="localRepository" value="/Users/fenilshah/.m2/repository"/>
    <property name="java.vendor.url.bug" value="https://bugreport.java.com/bugreport/"/>
    <property name="java.io.tmpdir" value="/var/folders/d9/6tvyyw757q35svywf97635m00000gn/T/"/>
    <property name="java.version" value="11.0.16.1"/>
    <property name="user.dir" value="/Users/fenilshah/Downloads/MavenDemoSpringInitializr"/>
    <property name="os.arch" value="aarch64"/>
    <property name="java.vm.specification.name" value="Java Virtual Machine Specification"/>
    <property name="java.awt.printerjob" value="sun.lwawt.macosx.CPrinterJob"/>
    <property name="sun.os.patch.level" value="unknown"/>
    <property name="java.library.path" value="/Users/fenilshah/Library/Java/Extensions:/Library/Java/Extensions:/Network/Library/Java/Extensions:/System/Library/Java/Extensions:/usr/lib/java:."/>
    <property name="java.vendor" value="Oracle Corporation"/>
    <property name="java.vm.info" value="mixed mode"/>
    <property name="java.vm.version" value="11.0.16.1+1-LTS-1"/>
    <property name="sun.io.unicode.encoding" value="UnicodeBig"/>
    <property name="java.class.version" value="55.0"/>
    <property name="socksNonProxyHosts" value="local|*.local|169.254/16|*.169.254/16"/>
  </properties>
  <testcase name="contextLoads" classname="com.example.MavenDemoSpringInitializr.MavenDemoSpringInitializrApplicationTests" time="0.176"/>
</testsuite>